<?xml version="1.0" encoding="UTF-8"?>
<testsuite xmlns:xsi="http://www.w3.org/2001/XMLSchema-instance" xsi:noNamespaceSchemaLocation="https://maven.apache.org/surefire/maven-surefire-plugin/xsd/surefire-test-report.xsd" version="3.0.2" name="com.saberPro.app.SaberProApplicationTests" time="3.717" tests="1" errors="0" skipped="0" failures="0">
  <properties>
[...]
</properties>
  <testcase name="contextLoads" classname="com.saberPro.app.SaberProApplicationTests" time="0.828">
    <system-out><![CDATA[13:54:23.432 [main] INFO org.springframework.test.context.support.AnnotationConfigContextLoaderUtils -- Could not detect default configuration classes for test class [com.saberPro.app.SaberProApplicationTests]: SaberProApplicationTests does not declare any static, non-private, non-final, nested classes annotated with @Configuration.
13:54:23.529 [main] INFO org.springframework.boot.test.context.SpringBootTestContextBootstrapper -- Found @SpringBootConfiguration com.saberPro.app.SaberProApplication for test class com.saberPro.app.SaberProApplicationTests
13:54:23.662 [main] INFO org.springframework.boot.devtools.restart.RestartApplicationListener -- Restart disabled due to context in which it is running

  .   ____          _            __ _ _
 /\\ / ___'_ __ _ _(_)_ __  __ _ \ \ \ \
( ( )\___ | '_ | '_| | '_ \/ _` | \ \ \ \
 \\/  ___)| |_)| | | | | || (_| |  ) ) ) )
  '  |____| .__|_| |_|_| |_\__, | / / / /
 =========|_|==============|___/=/_/_/_/

 :: Spring Boot ::                (v3.4.4)

2025-04-19T13:54:23.917-05:00  INFO 10436 --- [saberPro] [           main] c.saberPro.app.SaberProApplicationTests  : Starting SaberProApplicationTests using Java 21.0.5 with PID 10436 (started by juan in C:\Users\juan\Documents\workspace-spring-tool-suite\saberPro)
2025-04-19T13:54:23.918-05:00  INFO 10436 --- [saberPro] [           main] c.saberPro.app.SaberProApplicationTests  : No active profile set, falling back to 1 default profile: "default"
2025-04-19T13:54:24.574-05:00  INFO 10436 --- [saberPro] [           main] .s.d.r.c.RepositoryConfigurationDelegate : Bootstrapping Spring Data MongoDB repositories in DEFAULT mode.
2025-04-19T13:54:24.620-05:00  INFO 10436 --- [saberPro] [           main] .s.d.r.c.RepositoryConfigurationDelegate : Finished Spring Data repository scanning in 40 ms. Found 1 MongoDB repository interface.
2025-04-19T13:54:24.961-05:00  INFO 10436 --- [saberPro] [9sg.mongodb.net] org.mongodb.driver.cluster               : Adding discovered server ac-chzvjdn-shard-00-00.93xi9sg.mongodb.net:27017 to client view of cluster
2025-04-19T13:54:24.967-05:00  INFO 10436 --- [saberPro] [           main] org.mongodb.driver.client                : MongoClient with metadata {"driver": {"name": "mongo-java-driver|sync|spring-boot", "version": "5.2.1"}, "os": {"type": "Windows", "name": "Windows 11", "architecture": "amd64", "version": "10.0"}, "platform": "Java/Eclipse Adoptium/21.0.5+11-LTS"} created with settings MongoClientSettings{readPreference=primary, writeConcern=WriteConcern{w=null, wTimeout=null ms, journal=null}, retryWrites=true, retryReads=true, readConcern=ReadConcern{level=null}, credential=MongoCredential{mechanism=null, userName='ascencio', source='admin', password=<hidden>, mechanismProperties=<hidden>}, transportSettings=null, commandListeners=[], codecRegistry=ProvidersCodecRegistry{codecProviders=[ValueCodecProvider{}, BsonValueCodecProvider{}, DBRefCodecProvider{}, DBObjectCodecProvider{}, DocumentCodecProvider{}, CollectionCodecProvider{}, IterableCodecProvider{}, MapCodecProvider{}, GeoJsonCodecProvider{}, GridFSFileCodecProvider{}, Jsr310CodecProvider{}, JsonObjectCodecProvider{}, BsonCodecProvider{}, EnumCodecProvider{}, com.mongodb.client.model.mql.ExpressionCodecProvider@781711b7, com.mongodb.Jep395RecordCodecProvider@642a16aa, com.mongodb.KotlinCodecProvider@642ee49c]}, loggerSettings=LoggerSettings{maxDocumentLength=1000}, clusterSettings={hosts=[127.0.0.1:27017], srvHost=empresarialesmongo.93xi9sg.mongodb.net, srvServiceName=mongodb, mode=MULTIPLE, requiredClusterType=REPLICA_SET, requiredReplicaSetName='atlas-w6a2wm-shard-0', serverSelector='null', clusterListeners='[]', serverSelectionTimeout='30000 ms', localThreshold='15 ms'}, socketSettings=SocketSettings{connectTimeoutMS=10000, readTimeoutMS=0, receiveBufferSize=0, proxySettings=ProxySettings{host=null, port=null, username=null, password=null}}, heartbeatSocketSettings=SocketSettings{connectTimeoutMS=10000, readTimeoutMS=10000, receiveBufferSize=0, proxySettings=ProxySettings{host=null, port=null, username=null, password=null}}, connectionPoolSettings=ConnectionPoolSettings{maxSize=100, minSize=0, maxWaitTimeMS=120000, maxConnectionLifeTimeMS=0, maxConnectionIdleTimeMS=0, maintenanceInitialDelayMS=0, maintenanceFrequencyMS=60000, connectionPoolListeners=[], maxConnecting=2}, serverSettings=ServerSettings{heartbeatFrequencyMS=10000, minHeartbeatFrequencyMS=500, serverMonitoringMode=AUTO, serverListeners='[]', serverMonitorListeners='[]'}, sslSettings=SslSettings{enabled=true, invalidHostNameAllowed=false, context=null}, applicationName='null', compressorList=[], uuidRepresentation=JAVA_LEGACY, serverApi=null, autoEncryptionSettings=null, dnsClient=null, inetAddressResolver=null, contextProvider=null, timeoutMS=null}
2025-04-19T13:54:24.984-05:00  INFO 10436 --- [saberPro] [9sg.mongodb.net] org.mongodb.driver.cluster               : Adding discovered server ac-chzvjdn-shard-00-01.93xi9sg.mongodb.net:27017 to client view of cluster
2025-04-19T13:54:24.986-05:00  INFO 10436 --- [saberPro] [9sg.mongodb.net] org.mongodb.driver.cluster               : Adding discovered server ac-chzvjdn-shard-00-02.93xi9sg.mongodb.net:27017 to client view of cluster
2025-04-19T13:54:25.840-05:00  INFO 10436 --- [saberPro] [ngodb.net:27017] org.mongodb.driver.cluster               : Monitor thread successfully connected to server with description ServerDescription{address=ac-chzvjdn-shard-00-00.93xi9sg.mongodb.net:27017, type=REPLICA_SET_SECONDARY, cryptd=false, state=CONNECTED, ok=true, minWireVersion=0, maxWireVersion=25, maxDocumentSize=16777216, logicalSessionTimeoutMinutes=30, roundTripTimeNanos=450345300, minRoundTripTimeNanos=0, setName='atlas-w6a2wm-shard-0', canonicalAddress=ac-chzvjdn-shard-00-00.93xi9sg.mongodb.net:27017, hosts=[ac-chzvjdn-shard-00-00.93xi9sg.mongodb.net:27017, ac-chzvjdn-shard-00-01.93xi9sg.mongodb.net:27017, ac-chzvjdn-shard-00-02.93xi9sg.mongodb.net:27017], passives=[], arbiters=[], primary='ac-chzvjdn-shard-00-02.93xi9sg.mongodb.net:27017', tagSet=TagSet{[Tag{name='availabilityZone', value='use1-az6'}, Tag{name='diskState', value='READY'}, Tag{name='nodeType', value='ELECTABLE'}, Tag{name='provider', value='AWS'}, Tag{name='region', value='US_EAST_1'}, Tag{name='workloadType', value='OPERATIONAL'}]}, electionId=null, setVersion=126, topologyVersion=TopologyVersion{processId=67fd5b5b62226e442770963e, counter=4}, lastWriteDate=Sat Apr 19 13:54:26 COT 2025, lastUpdateTimeNanos=703207895728200}
2025-04-19T13:54:25.840-05:00  INFO 10436 --- [saberPro] [ngodb.net:27017] org.mongodb.driver.cluster               : Monitor thread successfully connected to server with description ServerDescription{address=ac-chzvjdn-shard-00-01.93xi9sg.mongodb.net:27017, type=REPLICA_SET_SECONDARY, cryptd=false, state=CONNECTED, ok=true, minWireVersion=0, maxWireVersion=25, maxDocumentSize=16777216, logicalSessionTimeoutMinutes=30, roundTripTimeNanos=448822400, minRoundTripTimeNanos=0, setName='atlas-w6a2wm-shard-0', canonicalAddress=ac-chzvjdn-shard-00-01.93xi9sg.mongodb.net:27017, hosts=[ac-chzvjdn-shard-00-00.93xi9sg.mongodb.net:27017, ac-chzvjdn-shard-00-01.93xi9sg.mongodb.net:27017, ac-chzvjdn-shard-00-02.93xi9sg.mongodb.net:27017], passives=[], arbiters=[], primary='ac-chzvjdn-shard-00-02.93xi9sg.mongodb.net:27017', tagSet=TagSet{[Tag{name='availabilityZone', value='use1-az1'}, Tag{name='diskState', value='READY'}, Tag{name='nodeType', value='ELECTABLE'}, Tag{name='provider', value='AWS'}, Tag{name='region', value='US_EAST_1'}, Tag{name='workloadType', value='OPERATIONAL'}]}, electionId=null, setVersion=126, topologyVersion=TopologyVersion{processId=67fd5bf263e96aa4dba8b3e7, counter=3}, lastWriteDate=Sat Apr 19 13:54:26 COT 2025, lastUpdateTimeNanos=703207895730500}
2025-04-19T13:54:26.167-05:00  INFO 10436 --- [saberPro] [           main] c.saberPro.app.SaberProApplicationTests  : Started SaberProApplicationTests in 2.515 seconds (process running for 3.457)
2025-04-19T13:54:26.268-05:00  INFO 10436 --- [saberPro] [ngodb.net:27017] org.mongodb.driver.cluster               : Monitor thread successfully connected to server with description ServerDescription{address=ac-chzvjdn-shard-00-02.93xi9sg.mongodb.net:27017, type=REPLICA_SET_PRIMARY, cryptd=false, state=CONNECTED, ok=true, minWireVersion=0, maxWireVersion=25, maxDocumentSize=16777216, logicalSessionTimeoutMinutes=30, roundTripTimeNanos=879259400, minRoundTripTimeNanos=0, setName='atlas-w6a2wm-shard-0', canonicalAddress=ac-chzvjdn-shard-00-02.93xi9sg.mongodb.net:27017, hosts=[ac-chzvjdn-shard-00-00.93xi9sg.mongodb.net:27017, ac-chzvjdn-shard-00-01.93xi9sg.mongodb.net:27017, ac-chzvjdn-shard-00-02.93xi9sg.mongodb.net:27017], passives=[], arbiters=[], primary='ac-chzvjdn-shard-00-02.93xi9sg.mongodb.net:27017', tagSet=TagSet{[Tag{name='availabilityZone', value='use1-az2'}, Tag{name='diskState', value='READY'}, Tag{name='nodeType', value='ELECTABLE'}, Tag{name='provider', value='AWS'}, Tag{name='region', value='US_EAST_1'}, Tag{name='workloadType', value='OPERATIONAL'}]}, electionId=7fffffff0000000000000195, setVersion=126, topologyVersion=TopologyVersion{processId=67fd5ba610f783ceceb093e9, counter=6}, lastWriteDate=Sat Apr 19 13:54:26 COT 2025, lastUpdateTimeNanos=703208329749400}
2025-04-19T13:54:26.269-05:00  INFO 10436 --- [saberPro] [ngodb.net:27017] org.mongodb.driver.cluster               : Discovered replica set primary ac-chzvjdn-shard-00-02.93xi9sg.mongodb.net:27017 with max election id 7fffffff0000000000000195 and max set version 126
]]></system-out>
    <system-err><![CDATA[Mockito is currently self-attaching to enable the inline-mock-maker. This will no longer work in future releases of the JDK. Please add Mockito as an agent to your build what is described in Mockito's documentation: https://javadoc.io/doc/org.mockito/mockito-core/latest/org/mockito/Mockito.html#0.3
WARNING: A Java agent has been loaded dynamically (C:\Users\juan\.m2\repository\net\bytebuddy\byte-buddy-agent\1.15.11\byte-buddy-agent-1.15.11.jar)
WARNING: If a serviceability tool is in use, please run with -XX:+EnableDynamicAgentLoading to hide this warning
WARNING: If a serviceability tool is not in use, please run with -Djdk.instrument.traceUsage for more information
WARNING: Dynamic loading of agents will be disallowed by default in a future release
]]></system-err>
  </testcase>
</testsuite>